2025-05-13 12:09:39,612 [INFO] Serving files from: /Users/cskoons/projects/github/Tekton/Hephaestus/ui
2025-05-13 12:09:39,612 [INFO] WebSocket server initialized for Single Port Architecture
2025-05-13 12:09:39,613 [INFO] Serving at http://localhost:8080
2025-05-13 12:11:30,018 [INFO] "GET / HTTP/1.1" 200 -
2025-05-13 12:11:46,349 [INFO] Serving files from: /Users/cskoons/projects/github/Tekton/Hephaestus/ui
2025-05-13 12:11:46,349 [INFO] WebSocket server initialized for Single Port Architecture
2025-05-13 12:11:46,349 [INFO] Serving at http://localhost:8080
2025-05-13 12:11:56,510 [INFO] "GET / HTTP/1.1" 200 -
2025-05-13 12:12:01,345 [INFO] "GET / HTTP/1.1" 200 -
2025-05-13 12:12:01,348 [INFO] "GET /styles/ergon.css HTTP/1.1" 200 -
2025-05-13 12:12:01,349 [INFO] "GET /styles/settings.css HTTP/1.1" 200 -
2025-05-13 12:12:01,350 [INFO] "GET /styles/profile.css HTTP/1.1" 200 -
2025-05-13 12:12:01,351 [INFO] "GET /styles/main.css HTTP/1.1" 304 -
2025-05-13 12:12:01,351 [INFO] "GET /styles/themes/dark-blue.css HTTP/1.1" 304 -
2025-05-13 12:12:01,352 [INFO] "GET /scripts/env.js HTTP/1.1" 304 -
2025-05-13 12:12:01,353 [INFO] "GET /scripts/minimal-loader.js HTTP/1.1" 304 -
2025-05-13 12:12:01,353 [INFO] "GET /scripts/ui-utils.js HTTP/1.1" 304 -
2025-05-13 12:12:01,354 [INFO] "GET /scripts/main.js HTTP/1.1" 304 -
2025-05-13 12:12:01,354 [INFO] "GET /scripts/ui-manager-core.js HTTP/1.1" 304 -
2025-05-13 12:12:01,355 [INFO] "GET /scripts/websocket.js HTTP/1.1" 304 -
2025-05-13 12:12:01,356 [INFO] "GET /scripts/settings-manager.js HTTP/1.1" 304 -
2025-05-13 12:12:01,357 [INFO] "GET /images/hexagon.jpg HTTP/1.1" 304 -
2025-05-13 12:12:01,360 [INFO] "GET /components/settings.html HTTP/1.1" 304 -
2025-05-13 12:12:01,373 [INFO] "GET /scripts/terma/terma-terminal.js?t=1747152721372 HTTP/1.1" 200 -
2025-05-13 12:12:01,374 [INFO] "GET /api/config/ports HTTP/1.1" 200 -
2025-05-13 12:12:01,375 [INFO] "GET /.cache-version?1747152721373 HTTP/1.1" 200 -
2025-05-13 12:12:01,376 [INFO] "GET /server/component_registry.json HTTP/1.1" 304 -
2025-05-13 12:12:01,379 [INFO] "GET /api/config/ports HTTP/1.1" 200 -
2025-05-13 12:12:01,380 [INFO] "GET /components/test/test-component.html HTTP/1.1" 304 -
2025-05-13 12:12:01,404 [INFO] "GET /apple-touch-icon-precomposed.png HTTP/1.1" 200 -
2025-05-13 12:12:01,405 [INFO] "GET /apple-touch-icon.png HTTP/1.1" 200 -
2025-05-13 12:12:01,405 [INFO] "GET /favicon.ico HTTP/1.1" 200 -
2025-05-13 12:12:02,884 [INFO] "GET /api/status HTTP/1.1" 200 -
2025-05-13 12:12:03,025 [INFO] "GET /components/ergon/ergon-component.html HTTP/1.1" 200 -
2025-05-13 12:12:07,263 [INFO] "GET /components/athena/athena-component.html?t=1747152727254 HTTP/1.1" 200 -
2025-05-13 12:12:07,264 [INFO] "GET /components/athena/athena-component.html HTTP/1.1" 304 -
2025-05-13 12:12:07,269 [INFO] "GET /styles/ergon.css HTTP/1.1" 200 -
2025-05-13 12:12:07,270 [INFO] "GET /styles/settings.css HTTP/1.1" 200 -
2025-05-13 12:12:07,271 [INFO] "GET /styles/profile.css HTTP/1.1" 200 -
2025-05-13 12:12:07,271 [INFO] "GET /styles/themes/dark-blue.css HTTP/1.1" 304 -
2025-05-13 12:12:07,271 [INFO] "GET /styles/main.css HTTP/1.1" 304 -
2025-05-13 12:12:07,272 [INFO] "GET /scripts/athena/athena-component.js?t=1747152727254 HTTP/1.1" 200 -
2025-05-13 12:12:10,039 [INFO] "GET /components/ergon/ergon-component.html HTTP/1.1" 200 -
2025-05-13 12:12:31,987 [INFO] "GET /components/athena/athena-component.html?t=1747152751983 HTTP/1.1" 200 -
2025-05-13 12:12:31,987 [INFO] "GET /components/athena/athena-component.html HTTP/1.1" 304 -
2025-05-13 12:12:31,989 [INFO] "GET /styles/ergon.css HTTP/1.1" 200 -
2025-05-13 12:12:31,990 [INFO] "GET /styles/settings.css HTTP/1.1" 200 -
2025-05-13 12:12:31,990 [INFO] "GET /styles/profile.css HTTP/1.1" 200 -
2025-05-13 12:12:31,991 [INFO] "GET /styles/themes/dark-blue.css HTTP/1.1" 304 -
2025-05-13 12:12:31,991 [INFO] "GET /styles/main.css HTTP/1.1" 304 -
2025-05-13 12:12:31,991 [INFO] "GET /scripts/athena/athena-component.js?t=1747152751983 HTTP/1.1" 200 -
2025-05-13 12:12:41,222 [INFO] "GET /components/sophia/sophia-component.html HTTP/1.1" 200 -
2025-05-13 12:12:41,227 [INFO] "GET /styles/ergon.css HTTP/1.1" 200 -
2025-05-13 12:12:41,230 [INFO] "GET /styles/settings.css HTTP/1.1" 200 -
2025-05-13 12:12:41,230 [INFO] "GET /components/settings.html HTTP/1.1" 304 -
2025-05-13 12:12:41,231 [INFO] "GET /styles/profile.css HTTP/1.1" 200 -
2025-05-13 12:12:41,231 [INFO] "GET /styles/main.css HTTP/1.1" 304 -
2025-05-13 12:12:41,232 [INFO] "GET /styles/themes/dark-blue.css HTTP/1.1" 304 -
2025-05-13 12:12:41,232 [INFO] "GET /components/profile.html HTTP/1.1" 304 -
2025-05-13 12:12:43,625 [INFO] "GET /components/athena/athena-component.html?t=1747152763617 HTTP/1.1" 200 -
2025-05-13 12:12:43,626 [INFO] "GET /components/athena/athena-component.html HTTP/1.1" 304 -
2025-05-13 12:12:43,631 [INFO] "GET /styles/ergon.css HTTP/1.1" 200 -
2025-05-13 12:12:43,633 [INFO] "GET /styles/settings.css HTTP/1.1" 200 -
2025-05-13 12:12:43,634 [INFO] "GET /styles/profile.css HTTP/1.1" 200 -
2025-05-13 12:12:43,635 [INFO] "GET /styles/main.css HTTP/1.1" 304 -
2025-05-13 12:12:43,636 [INFO] "GET /styles/themes/dark-blue.css HTTP/1.1" 304 -
2025-05-13 12:12:43,636 [INFO] "GET /scripts/athena/athena-component.js?t=1747152763617 HTTP/1.1" 200 -
2025-05-13 12:12:55,771 [INFO] "GET / HTTP/1.1" 200 -
2025-05-13 12:12:55,780 [INFO] "GET /styles/ergon.css HTTP/1.1" 200 -
2025-05-13 12:12:55,781 [INFO] "GET /styles/settings.css HTTP/1.1" 200 -
2025-05-13 12:12:55,781 [INFO] "GET /styles/profile.css HTTP/1.1" 200 -
2025-05-13 12:12:55,782 [INFO] "GET /styles/main.css HTTP/1.1" 304 -
2025-05-13 12:12:55,782 [INFO] "GET /styles/themes/dark-blue.css HTTP/1.1" 304 -
2025-05-13 12:12:55,783 [INFO] "GET /scripts/env.js HTTP/1.1" 304 -
2025-05-13 12:12:55,783 [INFO] "GET /scripts/minimal-loader.js HTTP/1.1" 304 -
2025-05-13 12:12:55,783 [INFO] "GET /scripts/ui-utils.js HTTP/1.1" 304 -
2025-05-13 12:12:55,784 [INFO] "GET /scripts/main.js HTTP/1.1" 304 -
2025-05-13 12:12:55,785 [INFO] "GET /scripts/ui-manager-core.js HTTP/1.1" 304 -
2025-05-13 12:12:55,785 [INFO] "GET /scripts/terminal.js HTTP/1.1" 304 -
2025-05-13 12:12:55,785 [INFO] "GET /scripts/storage.js HTTP/1.1" 304 -
2025-05-13 12:12:55,786 [INFO] "GET /scripts/websocket.js HTTP/1.1" 304 -
2025-05-13 12:12:55,786 [INFO] "GET /scripts/settings-manager.js HTTP/1.1" 304 -
2025-05-13 12:12:55,788 [INFO] "GET /scripts/settings-ui.js HTTP/1.1" 304 -
2025-05-13 12:12:55,789 [INFO] "GET /scripts/profile-manager.js HTTP/1.1" 304 -
2025-05-13 12:12:55,789 [INFO] "GET /scripts/profile-ui.js HTTP/1.1" 304 -
2025-05-13 12:12:55,790 [INFO] "GET /scripts/terminal-chat.js HTTP/1.1" 304 -
2025-05-13 12:12:55,790 [INFO] "GET /scripts/terminal-chat-enhanced.js HTTP/1.1" 304 -
2025-05-13 12:12:55,791 [INFO] "GET /scripts/hermes-connector.js HTTP/1.1" 304 -
2025-05-13 12:12:55,791 [INFO] "GET /images/Tekton.png HTTP/1.1" 304 -
2025-05-13 12:12:55,792 [INFO] "GET /components/settings.html HTTP/1.1" 304 -
2025-05-13 12:12:55,792 [INFO] "GET /components/profile.html HTTP/1.1" 304 -
2025-05-13 12:12:55,793 [INFO] "GET /scripts/terminal.js HTTP/1.1" 304 -
2025-05-13 12:12:55,797 [INFO] "GET /scripts/storage.js HTTP/1.1" 304 -
2025-05-13 12:12:55,799 [INFO] "GET /scripts/terma/terma-terminal.js?t=1747152775797 HTTP/1.1" 200 -
2025-05-13 12:12:55,799 [INFO] "GET /scripts/settings-ui.js HTTP/1.1" 304 -
2025-05-13 12:12:55,800 [INFO] "GET /scripts/profile-manager.js HTTP/1.1" 304 -
2025-05-13 12:12:55,802 [INFO] "GET /scripts/profile-ui.js HTTP/1.1" 304 -
2025-05-13 12:12:55,803 [INFO] "GET /scripts/terminal-chat.js HTTP/1.1" 304 -
2025-05-13 12:12:55,805 [INFO] "GET /scripts/terminal-chat-enhanced.js HTTP/1.1" 304 -
2025-05-13 12:12:55,806 [INFO] "GET /scripts/hermes-connector.js HTTP/1.1" 304 -
2025-05-13 12:12:55,808 [INFO] "GET /api/config/ports HTTP/1.1" 200 -
2025-05-13 12:12:55,809 [INFO] "GET /.cache-version?1747152775807 HTTP/1.1" 200 -
2025-05-13 12:12:55,809 [INFO] "GET /api/config/ports HTTP/1.1" 200 -
2025-05-13 12:12:55,810 [INFO] "GET /components/rhetor/rhetor-component.html HTTP/1.1" 304 -
2025-05-13 12:12:55,810 [INFO] "GET /server/component_registry.json HTTP/1.1" 304 -
2025-05-13 12:12:55,817 [INFO] "GET /components/test/test-component.html HTTP/1.1" 304 -
2025-05-13 12:12:55,827 [INFO] "GET /apple-touch-icon-precomposed.png HTTP/1.1" 200 -
2025-05-13 12:12:55,827 [INFO] "GET /apple-touch-icon.png HTTP/1.1" 200 -
2025-05-13 12:12:55,828 [INFO] "GET /favicon.ico HTTP/1.1" 200 -
2025-05-13 12:12:56,809 [INFO] "GET / HTTP/1.1" 200 -
2025-05-13 12:12:56,815 [INFO] "GET /styles/main.css HTTP/1.1" 200 -
2025-05-13 12:12:56,816 [INFO] "GET /styles/themes/dark-blue.css HTTP/1.1" 200 -
2025-05-13 12:12:56,817 [INFO] "GET /styles/ergon.css HTTP/1.1" 200 -
2025-05-13 12:12:56,817 [INFO] "GET /styles/settings.css HTTP/1.1" 200 -
2025-05-13 12:12:56,818 [INFO] "GET /styles/profile.css HTTP/1.1" 200 -
2025-05-13 12:12:56,818 [INFO] "GET /scripts/env.js HTTP/1.1" 200 -
2025-05-13 12:12:56,819 [INFO] "GET /scripts/minimal-loader.js HTTP/1.1" 200 -
2025-05-13 12:12:56,820 [INFO] "GET /scripts/ui-utils.js HTTP/1.1" 200 -
2025-05-13 12:12:56,821 [INFO] "GET /scripts/main.js HTTP/1.1" 200 -
2025-05-13 12:12:56,822 [INFO] "GET /scripts/ui-manager-core.js HTTP/1.1" 200 -
2025-05-13 12:12:56,823 [INFO] "GET /scripts/terminal.js HTTP/1.1" 200 -
2025-05-13 12:12:56,823 [INFO] "GET /scripts/storage.js HTTP/1.1" 200 -
2025-05-13 12:12:56,824 [INFO] "GET /scripts/settings-manager.js HTTP/1.1" 200 -
2025-05-13 12:12:56,825 [INFO] "GET /scripts/settings-ui.js HTTP/1.1" 200 -
2025-05-13 12:12:56,826 [INFO] "GET /scripts/profile-manager.js HTTP/1.1" 200 -
2025-05-13 12:12:56,826 [INFO] "GET /scripts/profile-ui.js HTTP/1.1" 200 -
2025-05-13 12:12:56,827 [INFO] "GET /scripts/terminal-chat.js HTTP/1.1" 200 -
2025-05-13 12:12:56,827 [INFO] "GET /scripts/hermes-connector.js HTTP/1.1" 200 -
2025-05-13 12:12:56,828 [INFO] "GET /components/settings.html HTTP/1.1" 304 -
2025-05-13 12:12:56,828 [INFO] "GET /components/profile.html HTTP/1.1" 304 -
2025-05-13 12:12:56,829 [INFO] "GET /images/Tekton.png HTTP/1.1" 200 -
2025-05-13 12:12:56,832 [INFO] "GET /scripts/websocket.js HTTP/1.1" 200 -
2025-05-13 12:12:56,832 [INFO] "GET /scripts/terminal-chat-enhanced.js HTTP/1.1" 200 -
2025-05-13 12:12:56,833 [INFO] "GET /scripts/terma/terma-terminal.js?t=1747152776832 HTTP/1.1" 200 -
2025-05-13 12:12:56,835 [INFO] "GET /api/config/ports HTTP/1.1" 200 -
2025-05-13 12:12:56,836 [INFO] "GET /server/component_registry.json HTTP/1.1" 200 -
2025-05-13 12:12:56,836 [INFO] "GET /components/rhetor/rhetor-component.html HTTP/1.1" 200 -
2025-05-13 12:12:56,837 [INFO] "GET /.cache-version?1747152776833 HTTP/1.1" 200 -
2025-05-13 12:12:56,837 [INFO] "GET /api/config/ports HTTP/1.1" 200 -
2025-05-13 12:12:56,838 [INFO] "GET /components/test/test-component.html HTTP/1.1" 200 -
2025-05-13 12:12:56,847 [INFO] "GET /apple-touch-icon-precomposed.png HTTP/1.1" 200 -
2025-05-13 12:12:56,849 [INFO] "GET /apple-touch-icon.png HTTP/1.1" 200 -
2025-05-13 12:12:56,849 [INFO] "GET /favicon.ico HTTP/1.1" 200 -
2025-05-13 12:12:58,343 [INFO] "GET /api/status HTTP/1.1" 200 -
2025-05-13 12:16:45,907 [INFO] "GET / HTTP/1.1" 200 -
2025-05-13 12:16:45,914 [INFO] "GET /styles/main.css HTTP/1.1" 200 -
2025-05-13 12:16:45,916 [INFO] "GET /styles/themes/dark-blue.css HTTP/1.1" 200 -
2025-05-13 12:16:45,917 [INFO] "GET /styles/ergon.css HTTP/1.1" 200 -
2025-05-13 12:16:45,917 [INFO] "GET /styles/settings.css HTTP/1.1" 200 -
2025-05-13 12:16:45,918 [INFO] "GET /styles/profile.css HTTP/1.1" 200 -
2025-05-13 12:16:45,918 [INFO] "GET /scripts/env.js HTTP/1.1" 200 -
2025-05-13 12:16:45,919 [INFO] "GET /scripts/minimal-loader.js HTTP/1.1" 200 -
2025-05-13 12:16:45,919 [INFO] "GET /scripts/ui-utils.js HTTP/1.1" 200 -
2025-05-13 12:16:45,920 [INFO] "GET /scripts/main.js HTTP/1.1" 200 -
2025-05-13 12:16:45,921 [INFO] "GET /scripts/ui-manager-core.js HTTP/1.1" 200 -
2025-05-13 12:16:45,922 [INFO] "GET /scripts/terminal.js HTTP/1.1" 200 -
2025-05-13 12:16:45,924 [INFO] "GET /scripts/storage.js HTTP/1.1" 200 -
2025-05-13 12:16:45,925 [INFO] "GET /scripts/websocket.js HTTP/1.1" 200 -
2025-05-13 12:16:45,925 [INFO] "GET /scripts/settings-manager.js HTTP/1.1" 200 -
2025-05-13 12:16:45,926 [INFO] "GET /scripts/settings-ui.js HTTP/1.1" 200 -
2025-05-13 12:16:45,927 [INFO] "GET /scripts/profile-manager.js HTTP/1.1" 200 -
2025-05-13 12:16:45,928 [INFO] "GET /scripts/profile-ui.js HTTP/1.1" 200 -
2025-05-13 12:16:45,928 [INFO] "GET /scripts/terminal-chat.js HTTP/1.1" 200 -
2025-05-13 12:16:45,929 [INFO] "GET /scripts/terminal-chat-enhanced.js HTTP/1.1" 200 -
2025-05-13 12:16:45,930 [INFO] "GET /scripts/hermes-connector.js HTTP/1.1" 200 -
2025-05-13 12:16:45,930 [INFO] "GET /components/settings.html HTTP/1.1" 304 -
2025-05-13 12:16:45,931 [INFO] "GET /components/profile.html HTTP/1.1" 304 -
2025-05-13 12:16:45,932 [INFO] "GET /images/Tekton.png HTTP/1.1" 200 -
2025-05-13 12:16:45,935 [INFO] "GET /scripts/terma/terma-terminal.js?t=1747153005927 HTTP/1.1" 200 -
2025-05-13 12:16:45,935 [INFO] "GET /api/config/ports HTTP/1.1" 200 -
2025-05-13 12:16:45,936 [INFO] "GET /server/component_registry.json HTTP/1.1" 200 -
2025-05-13 12:16:45,936 [INFO] "GET /components/rhetor/rhetor-component.html HTTP/1.1" 200 -
2025-05-13 12:16:45,936 [INFO] "GET /.cache-version?1747153005932 HTTP/1.1" 200 -
2025-05-13 12:16:45,937 [INFO] "GET /api/config/ports HTTP/1.1" 200 -
2025-05-13 12:16:45,937 [INFO] "GET /components/test/test-component.html HTTP/1.1" 200 -
2025-05-13 12:16:45,962 [INFO] "GET /apple-touch-icon-precomposed.png HTTP/1.1" 200 -
2025-05-13 12:16:45,963 [INFO] "GET /apple-touch-icon.png HTTP/1.1" 200 -
2025-05-13 12:16:45,963 [INFO] "GET /favicon.ico HTTP/1.1" 200 -
2025-05-13 12:16:47,106 [INFO] "GET / HTTP/1.1" 200 -
2025-05-13 12:16:47,114 [INFO] "GET /styles/main.css HTTP/1.1" 200 -
2025-05-13 12:16:47,115 [INFO] "GET /styles/themes/dark-blue.css HTTP/1.1" 200 -
2025-05-13 12:16:47,116 [INFO] "GET /styles/ergon.css HTTP/1.1" 200 -
2025-05-13 12:16:47,116 [INFO] "GET /styles/settings.css HTTP/1.1" 200 -
2025-05-13 12:16:47,117 [INFO] "GET /styles/profile.css HTTP/1.1" 200 -
2025-05-13 12:16:47,117 [INFO] "GET /scripts/env.js HTTP/1.1" 200 -
2025-05-13 12:16:47,118 [INFO] "GET /scripts/minimal-loader.js HTTP/1.1" 200 -
2025-05-13 12:16:47,119 [INFO] "GET /scripts/ui-utils.js HTTP/1.1" 200 -
2025-05-13 12:16:47,120 [INFO] "GET /scripts/main.js HTTP/1.1" 200 -
2025-05-13 12:16:47,120 [INFO] "GET /scripts/ui-manager-core.js HTTP/1.1" 200 -
2025-05-13 12:16:47,121 [INFO] "GET /scripts/terminal.js HTTP/1.1" 200 -
2025-05-13 12:16:47,121 [INFO] "GET /scripts/storage.js HTTP/1.1" 200 -
2025-05-13 12:16:47,123 [INFO] "GET /scripts/websocket.js HTTP/1.1" 200 -
2025-05-13 12:16:47,125 [INFO] "GET /scripts/settings-manager.js HTTP/1.1" 200 -
2025-05-13 12:16:47,125 [INFO] "GET /scripts/settings-ui.js HTTP/1.1" 200 -
2025-05-13 12:16:47,125 [INFO] "GET /scripts/profile-manager.js HTTP/1.1" 200 -
2025-05-13 12:16:47,126 [INFO] "GET /scripts/profile-ui.js HTTP/1.1" 200 -
2025-05-13 12:16:47,126 [INFO] "GET /scripts/terminal-chat.js HTTP/1.1" 200 -
2025-05-13 12:16:47,128 [INFO] "GET /scripts/terminal-chat-enhanced.js HTTP/1.1" 200 -
2025-05-13 12:16:47,129 [INFO] "GET /scripts/hermes-connector.js HTTP/1.1" 200 -
2025-05-13 12:16:47,129 [INFO] "GET /components/settings.html HTTP/1.1" 304 -
2025-05-13 12:16:47,130 [INFO] "GET /components/profile.html HTTP/1.1" 304 -
2025-05-13 12:16:47,130 [INFO] "GET /images/Tekton.png HTTP/1.1" 200 -
2025-05-13 12:16:47,132 [INFO] "GET /scripts/terma/terma-terminal.js?t=1747153007125 HTTP/1.1" 200 -
2025-05-13 12:16:47,133 [INFO] "GET /api/config/ports HTTP/1.1" 200 -
2025-05-13 12:16:47,134 [INFO] "GET /server/component_registry.json HTTP/1.1" 200 -
2025-05-13 12:16:47,134 [INFO] "GET /components/rhetor/rhetor-component.html HTTP/1.1" 200 -
2025-05-13 12:16:47,134 [INFO] "GET /.cache-version?1747153007130 HTTP/1.1" 200 -
2025-05-13 12:16:47,135 [INFO] "GET /api/config/ports HTTP/1.1" 200 -
2025-05-13 12:16:47,135 [INFO] "GET /components/test/test-component.html HTTP/1.1" 200 -
2025-05-13 12:16:47,158 [INFO] "GET /apple-touch-icon-precomposed.png HTTP/1.1" 200 -
2025-05-13 12:16:47,159 [INFO] "GET /apple-touch-icon.png HTTP/1.1" 200 -
2025-05-13 12:16:47,159 [INFO] "GET /favicon.ico HTTP/1.1" 200 -
2025-05-13 12:16:48,643 [INFO] "GET /api/status HTTP/1.1" 200 -
2025-05-13 12:16:49,737 [INFO] "GET / HTTP/1.1" 200 -
2025-05-13 12:16:49,746 [INFO] "GET /styles/main.css HTTP/1.1" 200 -
2025-05-13 12:16:49,748 [INFO] "GET /styles/themes/dark-blue.css HTTP/1.1" 200 -
2025-05-13 12:16:49,748 [INFO] "GET /styles/ergon.css HTTP/1.1" 200 -
2025-05-13 12:16:49,749 [INFO] "GET /styles/settings.css HTTP/1.1" 200 -
2025-05-13 12:16:49,749 [INFO] "GET /styles/profile.css HTTP/1.1" 200 -
2025-05-13 12:16:49,750 [INFO] "GET /scripts/env.js HTTP/1.1" 200 -
2025-05-13 12:16:49,750 [INFO] "GET /scripts/minimal-loader.js HTTP/1.1" 200 -
2025-05-13 12:16:49,751 [INFO] "GET /scripts/ui-utils.js HTTP/1.1" 200 -
2025-05-13 12:16:49,752 [INFO] "GET /scripts/main.js HTTP/1.1" 200 -
2025-05-13 12:16:49,752 [INFO] "GET /scripts/ui-manager-core.js HTTP/1.1" 200 -
2025-05-13 12:16:49,753 [INFO] "GET /scripts/terminal.js HTTP/1.1" 200 -
2025-05-13 12:16:49,754 [INFO] "GET /scripts/storage.js HTTP/1.1" 200 -
2025-05-13 12:16:49,755 [INFO] "GET /scripts/websocket.js HTTP/1.1" 200 -
2025-05-13 12:16:49,756 [INFO] "GET /scripts/settings-manager.js HTTP/1.1" 200 -
2025-05-13 12:16:49,757 [INFO] "GET /scripts/settings-ui.js HTTP/1.1" 200 -
2025-05-13 12:16:49,758 [INFO] "GET /scripts/profile-manager.js HTTP/1.1" 200 -
2025-05-13 12:16:49,759 [INFO] "GET /scripts/profile-ui.js HTTP/1.1" 200 -
2025-05-13 12:16:49,759 [INFO] "GET /scripts/terminal-chat.js HTTP/1.1" 200 -
2025-05-13 12:16:49,760 [INFO] "GET /scripts/terminal-chat-enhanced.js HTTP/1.1" 200 -
2025-05-13 12:16:49,761 [INFO] "GET /scripts/hermes-connector.js HTTP/1.1" 200 -
2025-05-13 12:16:49,761 [INFO] "GET /components/settings.html HTTP/1.1" 304 -
2025-05-13 12:16:49,762 [INFO] "GET /components/profile.html HTTP/1.1" 304 -
2025-05-13 12:16:49,762 [INFO] "GET /images/Tekton.png HTTP/1.1" 200 -
2025-05-13 12:16:49,765 [INFO] "GET /scripts/terma/terma-terminal.js?t=1747153009757 HTTP/1.1" 200 -
2025-05-13 12:16:49,765 [INFO] "GET /api/config/ports HTTP/1.1" 200 -
2025-05-13 12:16:49,766 [INFO] "GET /server/component_registry.json HTTP/1.1" 200 -
2025-05-13 12:16:49,766 [INFO] "GET /components/rhetor/rhetor-component.html HTTP/1.1" 200 -
2025-05-13 12:16:49,767 [INFO] "GET /.cache-version?1747153009762 HTTP/1.1" 200 -
2025-05-13 12:16:49,767 [INFO] "GET /api/config/ports HTTP/1.1" 200 -
2025-05-13 12:16:49,767 [INFO] "GET /components/test/test-component.html HTTP/1.1" 200 -
2025-05-13 12:16:49,793 [INFO] "GET /apple-touch-icon-precomposed.png HTTP/1.1" 200 -
2025-05-13 12:16:49,794 [INFO] "GET /apple-touch-icon.png HTTP/1.1" 200 -
2025-05-13 12:16:49,795 [INFO] "GET /favicon.ico HTTP/1.1" 200 -
2025-05-13 12:16:51,268 [INFO] "GET /api/status HTTP/1.1" 200 -
2025-05-13 12:16:52,361 [INFO] "GET / HTTP/1.1" 200 -
2025-05-13 12:16:52,371 [INFO] "GET /styles/main.css HTTP/1.1" 200 -
2025-05-13 12:16:52,373 [INFO] "GET /styles/themes/dark-blue.css HTTP/1.1" 200 -
2025-05-13 12:16:52,373 [INFO] "GET /styles/ergon.css HTTP/1.1" 200 -
2025-05-13 12:16:52,374 [INFO] "GET /styles/settings.css HTTP/1.1" 200 -
2025-05-13 12:16:52,374 [INFO] "GET /styles/profile.css HTTP/1.1" 200 -
2025-05-13 12:16:52,374 [INFO] "GET /scripts/env.js HTTP/1.1" 200 -
2025-05-13 12:16:52,375 [INFO] "GET /scripts/minimal-loader.js HTTP/1.1" 200 -
2025-05-13 12:16:52,376 [INFO] "GET /scripts/ui-utils.js HTTP/1.1" 200 -
2025-05-13 12:16:52,377 [INFO] "GET /scripts/main.js HTTP/1.1" 200 -
2025-05-13 12:16:52,377 [INFO] "GET /scripts/ui-manager-core.js HTTP/1.1" 200 -
2025-05-13 12:16:52,378 [INFO] "GET /scripts/terminal.js HTTP/1.1" 200 -
2025-05-13 12:16:52,378 [INFO] "GET /scripts/storage.js HTTP/1.1" 200 -
2025-05-13 12:16:52,380 [INFO] "GET /scripts/websocket.js HTTP/1.1" 200 -
2025-05-13 12:16:52,381 [INFO] "GET /scripts/settings-manager.js HTTP/1.1" 200 -
2025-05-13 12:16:52,382 [INFO] "GET /scripts/settings-ui.js HTTP/1.1" 200 -
2025-05-13 12:16:52,382 [INFO] "GET /scripts/profile-manager.js HTTP/1.1" 200 -
2025-05-13 12:16:52,382 [INFO] "GET /scripts/profile-ui.js HTTP/1.1" 200 -
2025-05-13 12:16:52,383 [INFO] "GET /scripts/terminal-chat.js HTTP/1.1" 200 -
2025-05-13 12:16:52,385 [INFO] "GET /scripts/terminal-chat-enhanced.js HTTP/1.1" 200 -
2025-05-13 12:16:52,385 [INFO] "GET /scripts/hermes-connector.js HTTP/1.1" 200 -
2025-05-13 12:16:52,386 [INFO] "GET /components/settings.html HTTP/1.1" 304 -
2025-05-13 12:16:52,386 [INFO] "GET /images/Tekton.png HTTP/1.1" 200 -
2025-05-13 12:16:52,387 [INFO] "GET /components/profile.html HTTP/1.1" 304 -
2025-05-13 12:16:52,388 [INFO] "GET /scripts/terma/terma-terminal.js?t=1747153012382 HTTP/1.1" 200 -
2025-05-13 12:16:52,390 [INFO] "GET /api/config/ports HTTP/1.1" 200 -
2025-05-13 12:16:52,390 [INFO] "GET /server/component_registry.json HTTP/1.1" 200 -
2025-05-13 12:16:52,391 [INFO] "GET /components/rhetor/rhetor-component.html HTTP/1.1" 200 -
2025-05-13 12:16:52,392 [INFO] "GET /.cache-version?1747153012387 HTTP/1.1" 200 -
2025-05-13 12:16:52,392 [INFO] "GET /api/config/ports HTTP/1.1" 200 -
2025-05-13 12:16:52,393 [INFO] "GET /components/test/test-component.html HTTP/1.1" 200 -
2025-05-13 12:16:52,403 [INFO] "GET /apple-touch-icon-precomposed.png HTTP/1.1" 200 -
2025-05-13 12:16:52,405 [INFO] "GET /apple-touch-icon.png HTTP/1.1" 200 -
2025-05-13 12:16:52,406 [INFO] "GET /favicon.ico HTTP/1.1" 200 -
2025-05-13 12:16:53,499 [INFO] "GET / HTTP/1.1" 200 -
2025-05-13 12:16:53,510 [INFO] "GET /styles/main.css HTTP/1.1" 200 -
2025-05-13 12:16:53,511 [INFO] "GET /styles/themes/dark-blue.css HTTP/1.1" 200 -
2025-05-13 12:16:53,512 [INFO] "GET /styles/ergon.css HTTP/1.1" 200 -
2025-05-13 12:16:53,513 [INFO] "GET /styles/settings.css HTTP/1.1" 200 -
2025-05-13 12:16:53,514 [INFO] "GET /styles/profile.css HTTP/1.1" 200 -
2025-05-13 12:16:53,514 [INFO] "GET /scripts/env.js HTTP/1.1" 200 -
2025-05-13 12:16:53,519 [INFO] "GET /scripts/minimal-loader.js HTTP/1.1" 200 -
2025-05-13 12:16:53,519 [INFO] "GET /scripts/ui-utils.js HTTP/1.1" 200 -
2025-05-13 12:16:53,525 [INFO] "GET /scripts/main.js HTTP/1.1" 200 -
2025-05-13 12:16:53,526 [INFO] "GET /scripts/ui-manager-core.js HTTP/1.1" 200 -
2025-05-13 12:16:53,527 [INFO] "GET /scripts/terminal.js HTTP/1.1" 200 -
2025-05-13 12:16:53,530 [INFO] "GET /scripts/storage.js HTTP/1.1" 200 -
2025-05-13 12:16:53,530 [INFO] "GET /scripts/websocket.js HTTP/1.1" 200 -
2025-05-13 12:16:53,531 [INFO] "GET /scripts/settings-manager.js HTTP/1.1" 200 -
2025-05-13 12:16:53,531 [INFO] "GET /scripts/settings-ui.js HTTP/1.1" 200 -
2025-05-13 12:16:53,532 [INFO] "GET /scripts/profile-manager.js HTTP/1.1" 200 -
2025-05-13 12:16:53,532 [INFO] "GET /scripts/profile-ui.js HTTP/1.1" 200 -
2025-05-13 12:16:53,533 [INFO] "GET /scripts/terminal-chat.js HTTP/1.1" 200 -
2025-05-13 12:16:53,533 [INFO] "GET /scripts/terminal-chat-enhanced.js HTTP/1.1" 200 -
2025-05-13 12:16:53,534 [INFO] "GET /scripts/hermes-connector.js HTTP/1.1" 200 -
2025-05-13 12:16:53,535 [INFO] "GET /components/settings.html HTTP/1.1" 304 -
2025-05-13 12:16:53,535 [INFO] "GET /components/profile.html HTTP/1.1" 304 -
2025-05-13 12:16:53,536 [INFO] "GET /images/Tekton.png HTTP/1.1" 200 -
2025-05-13 12:16:53,538 [INFO] "GET /scripts/terma/terma-terminal.js?t=1747153013531 HTTP/1.1" 200 -
2025-05-13 12:16:53,538 [INFO] "GET /api/config/ports HTTP/1.1" 200 -
2025-05-13 12:16:53,539 [INFO] "GET /server/component_registry.json HTTP/1.1" 200 -
2025-05-13 12:16:53,539 [INFO] "GET /components/rhetor/rhetor-component.html HTTP/1.1" 200 -
2025-05-13 12:16:53,539 [INFO] "GET /.cache-version?1747153013536 HTTP/1.1" 200 -
2025-05-13 12:16:53,540 [INFO] "GET /api/config/ports HTTP/1.1" 200 -
2025-05-13 12:16:53,540 [INFO] "GET /components/test/test-component.html HTTP/1.1" 200 -
2025-05-13 12:16:53,551 [INFO] "GET /apple-touch-icon-precomposed.png HTTP/1.1" 200 -
2025-05-13 12:16:53,551 [INFO] "GET /apple-touch-icon.png HTTP/1.1" 200 -
2025-05-13 12:16:53,551 [INFO] "GET /favicon.ico HTTP/1.1" 200 -
2025-05-13 12:16:54,450 [INFO] "GET / HTTP/1.1" 200 -
2025-05-13 12:16:54,460 [INFO] "GET /styles/main.css HTTP/1.1" 200 -
2025-05-13 12:16:54,462 [INFO] "GET /styles/themes/dark-blue.css HTTP/1.1" 200 -
2025-05-13 12:16:54,462 [INFO] "GET /styles/ergon.css HTTP/1.1" 200 -
2025-05-13 12:16:54,462 [INFO] "GET /styles/settings.css HTTP/1.1" 200 -
2025-05-13 12:16:54,463 [INFO] "GET /styles/profile.css HTTP/1.1" 200 -
2025-05-13 12:16:54,463 [INFO] "GET /scripts/env.js HTTP/1.1" 200 -
2025-05-13 12:16:54,464 [INFO] "GET /scripts/minimal-loader.js HTTP/1.1" 200 -
2025-05-13 12:16:54,465 [INFO] "GET /scripts/ui-utils.js HTTP/1.1" 200 -
2025-05-13 12:16:54,466 [INFO] "GET /scripts/main.js HTTP/1.1" 200 -
2025-05-13 12:16:54,466 [INFO] "GET /scripts/ui-manager-core.js HTTP/1.1" 200 -
2025-05-13 12:16:54,467 [INFO] "GET /scripts/terminal.js HTTP/1.1" 200 -
2025-05-13 12:16:54,467 [INFO] "GET /scripts/storage.js HTTP/1.1" 200 -
2025-05-13 12:16:54,468 [INFO] "GET /scripts/websocket.js HTTP/1.1" 200 -
2025-05-13 12:16:54,470 [INFO] "GET /scripts/settings-manager.js HTTP/1.1" 200 -
2025-05-13 12:16:54,471 [INFO] "GET /scripts/settings-ui.js HTTP/1.1" 200 -
2025-05-13 12:16:54,472 [INFO] "GET /scripts/profile-manager.js HTTP/1.1" 200 -
2025-05-13 12:16:54,472 [INFO] "GET /scripts/profile-ui.js HTTP/1.1" 200 -
2025-05-13 12:16:54,473 [INFO] "GET /scripts/terminal-chat.js HTTP/1.1" 200 -
2025-05-13 12:16:54,474 [INFO] "GET /scripts/terminal-chat-enhanced.js HTTP/1.1" 200 -
2025-05-13 12:16:54,474 [INFO] "GET /scripts/hermes-connector.js HTTP/1.1" 200 -
2025-05-13 12:16:54,475 [INFO] "GET /components/settings.html HTTP/1.1" 304 -
2025-05-13 12:16:54,475 [INFO] "GET /components/profile.html HTTP/1.1" 304 -
2025-05-13 12:16:54,476 [INFO] "GET /images/Tekton.png HTTP/1.1" 200 -
2025-05-13 12:16:54,478 [INFO] "GET /scripts/terma/terma-terminal.js?t=1747153014470 HTTP/1.1" 200 -
2025-05-13 12:16:54,479 [INFO] "GET /api/config/ports HTTP/1.1" 200 -
2025-05-13 12:16:54,479 [INFO] "GET /server/component_registry.json HTTP/1.1" 200 -
2025-05-13 12:16:54,480 [INFO] "GET /components/rhetor/rhetor-component.html HTTP/1.1" 200 -
2025-05-13 12:16:54,480 [INFO] "GET /.cache-version?1747153014476 HTTP/1.1" 200 -
2025-05-13 12:16:54,480 [INFO] "GET /api/config/ports HTTP/1.1" 200 -
2025-05-13 12:16:54,481 [INFO] "GET /components/test/test-component.html HTTP/1.1" 200 -
2025-05-13 12:16:54,507 [INFO] "GET /apple-touch-icon-precomposed.png HTTP/1.1" 200 -
2025-05-13 12:16:54,508 [INFO] "GET /apple-touch-icon.png HTTP/1.1" 200 -
2025-05-13 12:16:54,508 [INFO] "GET /favicon.ico HTTP/1.1" 200 -
2025-05-13 12:16:55,985 [INFO] "GET /api/status HTTP/1.1" 200 -
2025-05-13 12:17:58,187 [INFO] "GET / HTTP/1.1" 200 -
2025-05-13 12:17:58,193 [INFO] "GET /styles/ergon.css HTTP/1.1" 200 -
2025-05-13 12:17:58,194 [INFO] "GET /styles/settings.css HTTP/1.1" 200 -
2025-05-13 12:17:58,194 [INFO] "GET /styles/profile.css HTTP/1.1" 200 -
2025-05-13 12:17:58,195 [INFO] "GET /styles/themes/dark-blue.css HTTP/1.1" 200 -
2025-05-13 12:17:58,195 [INFO] "GET /styles/main.css HTTP/1.1" 200 -
2025-05-13 12:17:58,196 [INFO] "GET /scripts/env.js HTTP/1.1" 200 -
2025-05-13 12:17:58,198 [INFO] "GET /scripts/minimal-loader.js HTTP/1.1" 200 -
2025-05-13 12:17:58,199 [INFO] "GET /scripts/ui-utils.js HTTP/1.1" 200 -
2025-05-13 12:17:58,199 [INFO] "GET /scripts/main.js HTTP/1.1" 200 -
2025-05-13 12:17:58,200 [INFO] "GET /scripts/ui-manager-core.js HTTP/1.1" 200 -
2025-05-13 12:17:58,200 [INFO] "GET /scripts/terminal.js HTTP/1.1" 200 -
2025-05-13 12:17:58,200 [INFO] "GET /scripts/storage.js HTTP/1.1" 200 -
2025-05-13 12:17:58,202 [INFO] "GET /scripts/websocket.js HTTP/1.1" 200 -
2025-05-13 12:17:58,202 [INFO] "GET /scripts/settings-manager.js HTTP/1.1" 200 -
2025-05-13 12:17:58,203 [INFO] "GET /scripts/settings-ui.js HTTP/1.1" 200 -
2025-05-13 12:17:58,204 [INFO] "GET /scripts/profile-manager.js HTTP/1.1" 200 -
2025-05-13 12:17:58,204 [INFO] "GET /scripts/profile-ui.js HTTP/1.1" 200 -
2025-05-13 12:17:58,205 [INFO] "GET /scripts/terminal-chat.js HTTP/1.1" 200 -
2025-05-13 12:17:58,206 [INFO] "GET /scripts/terminal-chat-enhanced.js HTTP/1.1" 200 -
2025-05-13 12:17:58,206 [INFO] "GET /scripts/hermes-connector.js HTTP/1.1" 200 -
2025-05-13 12:17:58,207 [INFO] "GET /images/hexagon.jpg HTTP/1.1" 304 -
2025-05-13 12:17:58,207 [INFO] "GET /components/settings.html HTTP/1.1" 304 -
2025-05-13 12:17:58,207 [INFO] "GET /components/profile.html HTTP/1.1" 304 -
2025-05-13 12:17:58,208 [INFO] "GET /images/Tekton.png HTTP/1.1" 200 -
2025-05-13 12:17:58,217 [INFO] "GET /scripts/terma/terma-terminal.js?t=1747153078215 HTTP/1.1" 200 -
2025-05-13 12:17:58,218 [INFO] "GET /api/config/ports HTTP/1.1" 200 -
2025-05-13 12:17:58,219 [INFO] "GET /.cache-version?1747153078217 HTTP/1.1" 200 -
2025-05-13 12:17:58,219 [INFO] "GET /components/rhetor/rhetor-component.html HTTP/1.1" 200 -
2025-05-13 12:17:58,220 [INFO] "GET /server/component_registry.json HTTP/1.1" 200 -
2025-05-13 12:17:58,220 [INFO] "GET /api/config/ports HTTP/1.1" 200 -
2025-05-13 12:17:58,221 [INFO] "GET /components/test/test-component.html HTTP/1.1" 200 -
2025-05-13 12:17:58,244 [INFO] "GET /apple-touch-icon-precomposed.png HTTP/1.1" 200 -
2025-05-13 12:17:58,245 [INFO] "GET /apple-touch-icon.png HTTP/1.1" 200 -
2025-05-13 12:17:58,245 [INFO] "GET /favicon.ico HTTP/1.1" 200 -
2025-05-13 12:17:59,726 [INFO] "GET /api/status HTTP/1.1" 200 -
2025-05-13 12:18:02,299 [INFO] "GET /components/ergon/ergon-component.html HTTP/1.1" 200 -
2025-05-13 12:18:06,627 [INFO] "GET /components/athena/athena-component.html?t=1747153086623 HTTP/1.1" 200 -
2025-05-13 12:18:06,628 [INFO] "GET /components/athena/athena-component.html HTTP/1.1" 304 -
2025-05-13 12:18:06,632 [INFO] "GET /styles/ergon.css HTTP/1.1" 200 -
2025-05-13 12:18:06,633 [INFO] "GET /styles/settings.css HTTP/1.1" 200 -
2025-05-13 12:18:06,633 [INFO] "GET /styles/profile.css HTTP/1.1" 200 -
2025-05-13 12:18:06,634 [INFO] "GET /styles/main.css HTTP/1.1" 200 -
2025-05-13 12:18:06,634 [INFO] "GET /styles/themes/dark-blue.css HTTP/1.1" 200 -
2025-05-13 12:18:06,634 [INFO] "GET /scripts/athena/athena-component.js?t=1747153086623 HTTP/1.1" 200 -
2025-05-13 12:18:20,620 [INFO] "GET / HTTP/1.1" 200 -
2025-05-13 12:18:20,628 [INFO] "GET /styles/main.css HTTP/1.1" 200 -
2025-05-13 12:18:20,629 [INFO] "GET /styles/ergon.css HTTP/1.1" 200 -
2025-05-13 12:18:20,630 [INFO] "GET /styles/settings.css HTTP/1.1" 200 -
2025-05-13 12:18:20,631 [INFO] "GET /styles/profile.css HTTP/1.1" 200 -
2025-05-13 12:18:20,631 [INFO] "GET /styles/themes/dark-blue.css HTTP/1.1" 200 -
2025-05-13 12:18:20,631 [INFO] "GET /scripts/env.js HTTP/1.1" 200 -
2025-05-13 12:18:20,632 [INFO] "GET /scripts/minimal-loader.js HTTP/1.1" 200 -
2025-05-13 12:18:20,632 [INFO] "GET /scripts/ui-utils.js HTTP/1.1" 200 -
2025-05-13 12:18:20,634 [INFO] "GET /scripts/main.js HTTP/1.1" 200 -
2025-05-13 12:18:20,634 [INFO] "GET /scripts/ui-manager-core.js HTTP/1.1" 200 -
2025-05-13 12:18:20,635 [INFO] "GET /scripts/terminal.js HTTP/1.1" 200 -
2025-05-13 12:18:20,635 [INFO] "GET /scripts/storage.js HTTP/1.1" 200 -
2025-05-13 12:18:20,635 [INFO] "GET /scripts/websocket.js HTTP/1.1" 200 -
2025-05-13 12:18:20,636 [INFO] "GET /scripts/settings-manager.js HTTP/1.1" 200 -
2025-05-13 12:18:20,638 [INFO] "GET /scripts/settings-ui.js HTTP/1.1" 200 -
2025-05-13 12:18:20,639 [INFO] "GET /scripts/profile-manager.js HTTP/1.1" 200 -
2025-05-13 12:18:20,639 [INFO] "GET /scripts/profile-ui.js HTTP/1.1" 200 -
2025-05-13 12:18:20,640 [INFO] "GET /scripts/terminal-chat.js HTTP/1.1" 200 -
2025-05-13 12:18:20,641 [INFO] "GET /scripts/hermes-connector.js HTTP/1.1" 200 -
2025-05-13 12:18:20,641 [INFO] "GET /scripts/terminal-chat-enhanced.js HTTP/1.1" 200 -
2025-05-13 12:18:20,642 [INFO] "GET /components/settings.html HTTP/1.1" 304 -
2025-05-13 12:18:20,643 [INFO] "GET /components/profile.html HTTP/1.1" 304 -
2025-05-13 12:18:20,643 [INFO] "GET /images/Tekton.png HTTP/1.1" 200 -
2025-05-13 12:18:20,645 [INFO] "GET /scripts/terma/terma-terminal.js?t=1747153100640 HTTP/1.1" 200 -
2025-05-13 12:18:20,646 [INFO] "GET /api/config/ports HTTP/1.1" 200 -
2025-05-13 12:18:20,647 [INFO] "GET /.cache-version?1747153100643 HTTP/1.1" 200 -
2025-05-13 12:18:20,647 [INFO] "GET /components/rhetor/rhetor-component.html HTTP/1.1" 200 -
2025-05-13 12:18:20,648 [INFO] "GET /server/component_registry.json HTTP/1.1" 200 -
2025-05-13 12:18:20,648 [INFO] "GET /api/config/ports HTTP/1.1" 200 -
2025-05-13 12:18:20,649 [INFO] "GET /components/test/test-component.html HTTP/1.1" 200 -
2025-05-13 12:18:20,677 [INFO] "GET /apple-touch-icon-precomposed.png HTTP/1.1" 200 -
2025-05-13 12:18:20,678 [INFO] "GET /apple-touch-icon.png HTTP/1.1" 200 -
2025-05-13 12:18:20,678 [INFO] "GET /favicon.ico HTTP/1.1" 200 -
2025-05-13 12:18:21,808 [INFO] "GET / HTTP/1.1" 200 -
2025-05-13 12:18:21,817 [INFO] "GET /styles/main.css HTTP/1.1" 200 -
2025-05-13 12:18:21,819 [INFO] "GET /styles/themes/dark-blue.css HTTP/1.1" 200 -
2025-05-13 12:18:21,819 [INFO] "GET /styles/ergon.css HTTP/1.1" 200 -
2025-05-13 12:18:21,820 [INFO] "GET /styles/settings.css HTTP/1.1" 200 -
2025-05-13 12:18:21,820 [INFO] "GET /styles/profile.css HTTP/1.1" 200 -
2025-05-13 12:18:21,821 [INFO] "GET /scripts/env.js HTTP/1.1" 200 -
2025-05-13 12:18:21,821 [INFO] "GET /scripts/minimal-loader.js HTTP/1.1" 200 -
2025-05-13 12:18:21,822 [INFO] "GET /scripts/ui-utils.js HTTP/1.1" 200 -
2025-05-13 12:18:21,823 [INFO] "GET /scripts/main.js HTTP/1.1" 200 -
2025-05-13 12:18:21,823 [INFO] "GET /scripts/ui-manager-core.js HTTP/1.1" 200 -
2025-05-13 12:18:21,824 [INFO] "GET /scripts/terminal.js HTTP/1.1" 200 -
2025-05-13 12:18:21,825 [INFO] "GET /scripts/storage.js HTTP/1.1" 200 -
2025-05-13 12:18:21,826 [INFO] "GET /scripts/websocket.js HTTP/1.1" 200 -
2025-05-13 12:18:21,828 [INFO] "GET /scripts/settings-manager.js HTTP/1.1" 200 -
2025-05-13 12:18:21,828 [INFO] "GET /scripts/settings-ui.js HTTP/1.1" 200 -
2025-05-13 12:18:21,829 [INFO] "GET /scripts/profile-manager.js HTTP/1.1" 200 -
2025-05-13 12:18:21,829 [INFO] "GET /scripts/profile-ui.js HTTP/1.1" 200 -
2025-05-13 12:18:21,829 [INFO] "GET /scripts/terminal-chat.js HTTP/1.1" 200 -
2025-05-13 12:18:21,830 [INFO] "GET /scripts/terminal-chat-enhanced.js HTTP/1.1" 200 -
2025-05-13 12:18:21,832 [INFO] "GET /scripts/hermes-connector.js HTTP/1.1" 200 -
2025-05-13 12:18:21,832 [INFO] "GET /components/settings.html HTTP/1.1" 304 -
2025-05-13 12:18:21,833 [INFO] "GET /components/profile.html HTTP/1.1" 304 -
2025-05-13 12:18:21,833 [INFO] "GET /images/Tekton.png HTTP/1.1" 200 -
2025-05-13 12:18:21,835 [INFO] "GET /scripts/terma/terma-terminal.js?t=1747153101828 HTTP/1.1" 200 -
2025-05-13 12:18:21,836 [INFO] "GET /api/config/ports HTTP/1.1" 200 -
2025-05-13 12:18:21,837 [INFO] "GET /server/component_registry.json HTTP/1.1" 200 -
2025-05-13 12:18:21,838 [INFO] "GET /components/rhetor/rhetor-component.html HTTP/1.1" 200 -
2025-05-13 12:18:21,839 [INFO] "GET /.cache-version?1747153101833 HTTP/1.1" 200 -
2025-05-13 12:18:21,839 [INFO] "GET /api/config/ports HTTP/1.1" 200 -
2025-05-13 12:18:21,839 [INFO] "GET /components/test/test-component.html HTTP/1.1" 200 -
2025-05-13 12:18:21,864 [INFO] "GET /apple-touch-icon-precomposed.png HTTP/1.1" 200 -
2025-05-13 12:18:21,866 [INFO] "GET /apple-touch-icon.png HTTP/1.1" 200 -
2025-05-13 12:18:21,866 [INFO] "GET /favicon.ico HTTP/1.1" 200 -
2025-05-13 12:18:23,341 [INFO] "GET /api/status HTTP/1.1" 200 -
2025-05-13 12:18:59,069 [INFO] "GET / HTTP/1.1" 200 -
2025-05-13 12:18:59,076 [INFO] "GET /styles/ergon.css HTTP/1.1" 200 -
2025-05-13 12:18:59,077 [INFO] "GET /styles/settings.css HTTP/1.1" 200 -
2025-05-13 12:18:59,077 [INFO] "GET /styles/profile.css HTTP/1.1" 200 -
2025-05-13 12:18:59,078 [INFO] "GET /styles/main.css HTTP/1.1" 200 -
2025-05-13 12:18:59,078 [INFO] "GET /styles/themes/dark-blue.css HTTP/1.1" 200 -
2025-05-13 12:18:59,079 [INFO] "GET /scripts/env.js HTTP/1.1" 200 -
2025-05-13 12:18:59,080 [INFO] "GET /scripts/ui-utils.js HTTP/1.1" 200 -
2025-05-13 12:18:59,081 [INFO] "GET /scripts/minimal-loader.js HTTP/1.1" 200 -
2025-05-13 12:18:59,081 [INFO] "GET /scripts/main.js HTTP/1.1" 200 -
2025-05-13 12:18:59,082 [INFO] "GET /scripts/ui-manager-core.js HTTP/1.1" 200 -
2025-05-13 12:18:59,082 [INFO] "GET /scripts/terminal.js HTTP/1.1" 200 -
2025-05-13 12:18:59,082 [INFO] "GET /scripts/storage.js HTTP/1.1" 200 -
2025-05-13 12:18:59,083 [INFO] "GET /scripts/websocket.js HTTP/1.1" 200 -
2025-05-13 12:18:59,084 [INFO] "GET /scripts/settings-manager.js HTTP/1.1" 200 -
2025-05-13 12:18:59,084 [INFO] "GET /scripts/settings-ui.js HTTP/1.1" 200 -
2025-05-13 12:18:59,085 [INFO] "GET /scripts/profile-manager.js HTTP/1.1" 200 -
2025-05-13 12:18:59,085 [INFO] "GET /scripts/profile-ui.js HTTP/1.1" 200 -
2025-05-13 12:18:59,086 [INFO] "GET /scripts/terminal-chat.js HTTP/1.1" 200 -
2025-05-13 12:18:59,087 [INFO] "GET /scripts/terminal-chat-enhanced.js HTTP/1.1" 200 -
2025-05-13 12:18:59,088 [INFO] "GET /scripts/hermes-connector.js HTTP/1.1" 200 -
2025-05-13 12:18:59,088 [INFO] "GET /images/hexagon.jpg HTTP/1.1" 304 -
2025-05-13 12:18:59,089 [INFO] "GET /components/settings.html HTTP/1.1" 304 -
2025-05-13 12:18:59,089 [INFO] "GET /components/profile.html HTTP/1.1" 304 -
2025-05-13 12:18:59,090 [INFO] "GET /images/Tekton.png HTTP/1.1" 200 -
2025-05-13 12:18:59,100 [INFO] "GET /scripts/terma/terma-terminal.js?t=1747153139098 HTTP/1.1" 200 -
2025-05-13 12:18:59,101 [INFO] "GET /api/config/ports HTTP/1.1" 200 -
2025-05-13 12:18:59,102 [INFO] "GET /.cache-version?1747153139099 HTTP/1.1" 200 -
2025-05-13 12:18:59,102 [INFO] "GET /components/rhetor/rhetor-component.html HTTP/1.1" 200 -
2025-05-13 12:18:59,103 [INFO] "GET /server/component_registry.json HTTP/1.1" 200 -
2025-05-13 12:18:59,103 [INFO] "GET /api/config/ports HTTP/1.1" 200 -
2025-05-13 12:18:59,103 [INFO] "GET /components/test/test-component.html HTTP/1.1" 200 -
2025-05-13 12:18:59,126 [INFO] "GET /apple-touch-icon-precomposed.png HTTP/1.1" 200 -
2025-05-13 12:18:59,127 [INFO] "GET /apple-touch-icon.png HTTP/1.1" 200 -
2025-05-13 12:18:59,127 [INFO] "GET /favicon.ico HTTP/1.1" 200 -
2025-05-13 12:19:00,611 [INFO] "GET /api/status HTTP/1.1" 200 -
2025-05-13 12:19:03,372 [INFO] "GET /components/ergon/ergon-component.html HTTP/1.1" 200 -
2025-05-13 12:19:07,446 [INFO] "GET / HTTP/1.1" 200 -
2025-05-13 12:19:07,451 [INFO] "GET /styles/ergon.css HTTP/1.1" 200 -
2025-05-13 12:19:07,451 [INFO] "GET /styles/settings.css HTTP/1.1" 200 -
2025-05-13 12:19:07,452 [INFO] "GET /styles/profile.css HTTP/1.1" 200 -
2025-05-13 12:19:07,452 [INFO] "GET /styles/main.css HTTP/1.1" 200 -
2025-05-13 12:19:07,453 [INFO] "GET /styles/themes/dark-blue.css HTTP/1.1" 200 -
2025-05-13 12:19:07,453 [INFO] "GET /scripts/env.js HTTP/1.1" 200 -
2025-05-13 12:19:07,454 [INFO] "GET /scripts/ui-utils.js HTTP/1.1" 200 -
2025-05-13 12:19:07,454 [INFO] "GET /scripts/minimal-loader.js HTTP/1.1" 200 -
2025-05-13 12:19:07,455 [INFO] "GET /scripts/main.js HTTP/1.1" 200 -
2025-05-13 12:19:07,455 [INFO] "GET /scripts/ui-manager-core.js HTTP/1.1" 200 -
2025-05-13 12:19:07,455 [INFO] "GET /scripts/terminal.js HTTP/1.1" 200 -
2025-05-13 12:19:07,456 [INFO] "GET /scripts/storage.js HTTP/1.1" 200 -
2025-05-13 12:19:07,457 [INFO] "GET /scripts/websocket.js HTTP/1.1" 200 -
2025-05-13 12:19:07,457 [INFO] "GET /scripts/settings-manager.js HTTP/1.1" 200 -
2025-05-13 12:19:07,458 [INFO] "GET /scripts/settings-ui.js HTTP/1.1" 200 -
2025-05-13 12:19:07,458 [INFO] "GET /scripts/profile-manager.js HTTP/1.1" 200 -
2025-05-13 12:19:07,458 [INFO] "GET /scripts/profile-ui.js HTTP/1.1" 200 -
2025-05-13 12:19:07,459 [INFO] "GET /scripts/terminal-chat.js HTTP/1.1" 200 -
2025-05-13 12:19:07,460 [INFO] "GET /scripts/terminal-chat-enhanced.js HTTP/1.1" 200 -
2025-05-13 12:19:07,461 [INFO] "GET /scripts/hermes-connector.js HTTP/1.1" 200 -
2025-05-13 12:19:07,461 [INFO] "GET /components/settings.html HTTP/1.1" 304 -
2025-05-13 12:19:07,462 [INFO] "GET /components/profile.html HTTP/1.1" 304 -
2025-05-13 12:19:07,462 [INFO] "GET /scripts/terma/terma-terminal.js?t=1747153147458 HTTP/1.1" 200 -
2025-05-13 12:19:07,464 [INFO] "GET /api/config/ports HTTP/1.1" 200 -
2025-05-13 12:19:07,464 [INFO] "GET /.cache-version?1747153147462 HTTP/1.1" 200 -
2025-05-13 12:19:07,465 [INFO] "GET /server/component_registry.json HTTP/1.1" 200 -
2025-05-13 12:19:07,465 [INFO] "GET /components/rhetor/rhetor-component.html HTTP/1.1" 200 -
2025-05-13 12:19:07,465 [INFO] "GET /api/config/ports HTTP/1.1" 200 -
2025-05-13 12:19:07,466 [INFO] "GET /components/test/test-component.html HTTP/1.1" 200 -
2025-05-13 12:19:07,466 [INFO] "GET /images/Tekton.png HTTP/1.1" 200 -
2025-05-13 12:19:07,470 [INFO] "GET /images/hexagon.jpg HTTP/1.1" 200 -
2025-05-13 12:19:07,479 [INFO] "GET /apple-touch-icon-precomposed.png HTTP/1.1" 200 -
2025-05-13 12:19:07,479 [INFO] "GET /apple-touch-icon.png HTTP/1.1" 200 -
2025-05-13 12:19:07,479 [INFO] "GET /favicon.ico HTTP/1.1" 200 -
2025-05-13 12:19:08,973 [INFO] "GET /api/status HTTP/1.1" 200 -
2025-05-13 12:21:29,187 [INFO] "HEAD /scripts/ergon/ergon-component.js HTTP/1.1" 200 -
